<?xml version="1.0" encoding="UTF-8"?>
<testng-results ignored="1" total="2" passed="1" failed="0" skipped="0">
  <reporter-output>
  </reporter-output>
  <suite started-at="2023-06-10T18:53:07 IST" name="Default suite" finished-at="2023-06-10T18:53:08 IST" duration-ms="117">
    <groups>
    </groups>
    <test started-at="2023-06-10T18:53:07 IST" name="Default test" finished-at="2023-06-10T18:53:08 IST" duration-ms="117">
      <class name="study.DemoGetRequest">
        <test-method signature="sample()[pri:0, instance:study.DemoGetRequest@550ee7e5]" started-at="2023-06-10T18:53:08 IST" name="sample" finished-at="2023-06-10T18:53:08 IST" duration-ms="39" status="PASS">
          <reporter-output>
          </reporter-output>
        </test-method> <!-- sample -->
      </class> <!-- study.DemoGetRequest -->
    </test> <!-- Default test -->
  </suite> <!-- Default suite -->
</testng-results>
